<?xml version="1.0" encoding="UTF-8"?>
<!-- Generated by org.testng.reporters.JUnitReportReporter -->
<testsuite hostname="DESKTOP-PRKQ7V0" failures="0" tests="1" name="Practiceproject.Practiceproject.testpractice" time="9.960" errors="0" timestamp="23 Feb 2023 06:36:51 GMT">
  <testcase classname="Practiceproject.Practiceproject.testpractice" name="practicetest" time="9.960"/>
</testsuite> <!-- Practiceproject.Practiceproject.testpractice -->
