<?xml version="1.0" encoding="UTF-8"?>
<!-- Generated by org.testng.reporters.JUnitReportReporter -->
<testsuite hostname="DESKTOP-PRKQ7V0" failures="0" tests="4" name="Practiceproject.Practiceproject.test" time="41.784" errors="0" timestamp="15 Jun 2023 10:22:25 GMT" skipped="0">
  <testcase classname="Practiceproject.Practiceproject.test" name="createProduct" time="22.626"/>
  <testcase classname="Practiceproject.Practiceproject.test" name="createOrder" time="6.640"/>
  <testcase classname="Practiceproject.Practiceproject.test" name="addLineitemandcheckValidationOnLineitemCreation" time="6.309"/>
  <testcase classname="Practiceproject.Practiceproject.test" name="filterLineitem" time="6.209"/>
</testsuite> <!-- Practiceproject.Practiceproject.test -->
