<?xml version="1.0" encoding="UTF-8"?>
<!-- Generated by org.testng.reporters.JUnitReportReporter -->
<testsuite hostname="DESKTOP-PRKQ7V0" failures="0" tests="1" name="Academy.ValidateNavigationlinks" time="265.583" errors="0" timestamp="2021-09-08T17:07:29 IST" skipped="0">
  <testcase classname="Academy.ValidateNavigationlinks" name="basePageNavigation" time="265.583"/>
  <system-out/>
</testsuite> <!-- Academy.ValidateNavigationlinks -->
