<?xml version="1.0" encoding="UTF-8"?>
<!-- Generated by org.testng.reporters.JUnitReportReporter -->
<testsuite hostname="DESKTOP-PRKQ7V0" failures="0" tests="1" name="Academy.Homepage" time="74.651" errors="0" timestamp="2021-09-13T18:53:59 IST" skipped="0">
  <testcase classname="Academy.Homepage" name="basePageNavigation" time="74.651"/>
  <system-out/>
</testsuite> <!-- Academy.Homepage -->
