<?xml version="1.0" encoding="UTF-8"?>
<!-- Generated by org.testng.reporters.JUnitReportReporter -->
<testsuite hostname="DESKTOP-PRKQ7V0" failures="0" tests="1" name="Academy.ValidateNavigationlinks" time="247.597" errors="0" timestamp="2021-09-13T18:53:59 IST" skipped="0">
  <testcase classname="Academy.ValidateNavigationlinks" name="basePageNavigation" time="247.597"/>
  <system-out/>
</testsuite> <!-- Academy.ValidateNavigationlinks -->
